[2022-01-16 18:20:24 +0000] [1006] [INFO] Worker exiting (pid: 1006)
[2022-01-16 18:20:24 +0000] [1007] [INFO] Worker exiting (pid: 1007)
[2022-01-16 18:20:24 +0000] [1008] [INFO] Worker exiting (pid: 1008)
[2022-01-16 21:38:36 +0200] [8393] [INFO] Starting gunicorn 20.1.0
[2022-01-16 21:38:36 +0200] [8393] [INFO] Listening at: unix:/run/gunicorn.sock (8393)
[2022-01-16 21:38:36 +0200] [8393] [INFO] Using worker: sync
[2022-01-16 21:38:36 +0200] [8394] [INFO] Booting worker with pid: 8394
[2022-01-16 21:38:36 +0200] [8395] [INFO] Booting worker with pid: 8395
[2022-01-16 21:38:36 +0200] [8396] [INFO] Booting worker with pid: 8396
[2022-01-18 01:07:18 +0200] [8393] [INFO] Handling signal: term
[2022-01-17 23:07:18 +0000] [8394] [INFO] Worker exiting (pid: 8394)
[2022-01-17 23:07:18 +0000] [8395] [INFO] Worker exiting (pid: 8395)
[2022-01-17 23:07:18 +0000] [8396] [INFO] Worker exiting (pid: 8396)
[2022-01-18 01:07:18 +0200] [8393] [WARNING] Worker with pid 8396 was terminated due to signal 15
[2022-01-18 01:07:18 +0200] [8393] [WARNING] Worker with pid 8395 was terminated due to signal 15
[2022-01-18 01:07:18 +0200] [8393] [WARNING] Worker with pid 8394 was terminated due to signal 15
[2022-01-18 01:07:18 +0200] [8393] [INFO] Shutting down: Master
[2022-01-18 01:07:18 +0200] [12125] [INFO] Starting gunicorn 20.1.0
[2022-01-18 01:07:18 +0200] [12125] [INFO] Listening at: unix:/run/gunicorn.sock (12125)
[2022-01-18 01:07:18 +0200] [12125] [INFO] Using worker: sync
[2022-01-18 01:07:18 +0200] [12126] [INFO] Booting worker with pid: 12126
[2022-01-18 01:07:18 +0200] [12127] [INFO] Booting worker with pid: 12127
[2022-01-18 01:07:18 +0200] [12128] [INFO] Booting worker with pid: 12128
